[debug] ----------------------------------------------------------------------
[debug] Command:      /usr/bin/nodejs /usr/local/bin/firebase serve
[debug] CLI Version:  3.2.1
[debug] Platform:     linux
[debug] Node Version: v4.2.6
[debug] Time:         Mon Jan 30 2017 13:59:48 GMT+0100 (CET)
[debug] ----------------------------------------------------------------------
[debug] 
[info] Starting Firebase development server...
[info] 
[info] Project Directory: /home/philip/calle/gear-wiki
[info] Public Directory: public
[info] 
[info] Server listening at: http://localhost:5000
[debug] ----------------------------------------------------------------------
[debug] Command:      /usr/bin/nodejs /usr/local/bin/firebase serve
[debug] CLI Version:  3.2.1
[debug] Platform:     linux
[debug] Node Version: v4.2.6
[debug] Time:         Mon Jan 30 2017 18:12:23 GMT+0100 (CET)
[debug] ----------------------------------------------------------------------
[debug] 
[info] Starting Firebase development server...
[info] 
[info] Project Directory: /home/philip/calle/gear-wiki
[info] Public Directory: public
[info] 
[info] Server listening at: http://localhost:5000
